<?xml version="1.0" encoding="UTF-8"?>
<testsuites>
  <testsuite id="0" name="/Users/sc-ktucker-osx/Desktop/ReactNative/mentor/MatchAndMentor/__tests__/src/components/simple/SignUpBirthday.js" errors="0" package="/Users/sc-ktucker-osx/Desktop/ReactNative/mentor/MatchAndMentor/__tests__/src/components/simple/SignUpBirthday.js" hostname="localhost" tests="2" failures="0" time="1.548" timestamp="2017-10-30T01:48:23">
    <properties>
    </properties>
    <testcase classname="renders correctly" name="renders correctly" time="0">
    </testcase>
    <testcase classname="calls submit on button press" name="calls submit on button press" time="0">
    </testcase>
    <system-out/>
    <system-err/>
  </testsuite>
  <testsuite id="1" name="/Users/sc-ktucker-osx/Desktop/ReactNative/mentor/MatchAndMentor/__tests__/src/reducers/NavigationReducer.js" errors="0" package="/Users/sc-ktucker-osx/Desktop/ReactNative/mentor/MatchAndMentor/__tests__/src/reducers/NavigationReducer.js" hostname="localhost" tests="8" failures="0" time="0.344" timestamp="2017-10-30T01:48:25">
    <properties>
    </properties>
    <testcase classname="navigation reducer should return intial state" name="navigation reducer should return intial state" time="0">
    </testcase>
    <testcase classname="navigation reducer should handle NAME_SCREEN" name="navigation reducer should handle NAME_SCREEN" time="0">
    </testcase>
    <testcase classname="navigation reducer should handle ROLE_SCREEN" name="navigation reducer should handle ROLE_SCREEN" time="0">
    </testcase>
    <testcase classname="navigation reducer should handle SKILL_SCREEN" name="navigation reducer should handle SKILL_SCREEN" time="0">
    </testcase>
    <testcase classname="navigation reducer should handle SUMMARY_SCREEN" name="navigation reducer should handle SUMMARY_SCREEN" time="0">
    </testcase>
    <testcase classname="navigation reducer should handle MENTEE_SUMMARY_SCREEN" name="navigation reducer should handle MENTEE_SUMMARY_SCREEN" time="0">
    </testcase>
    <testcase classname="navigation reducer should handle PHOTO_SCREEN" name="navigation reducer should handle PHOTO_SCREEN" time="0">
    </testcase>
    <testcase classname="navigation reducer should handle BIRTHDAY_SCREEN" name="navigation reducer should handle BIRTHDAY_SCREEN" time="0">
    </testcase>
    <system-out/>
    <system-err/>
  </testsuite>
  <testsuite id="2" name="/Users/sc-ktucker-osx/Desktop/ReactNative/mentor/MatchAndMentor/__tests__/src/components/simple/SignUpRoles.js" errors="0" package="/Users/sc-ktucker-osx/Desktop/ReactNative/mentor/MatchAndMentor/__tests__/src/components/simple/SignUpRoles.js" hostname="localhost" tests="6" failures="0" time="0.197" timestamp="2017-10-30T01:48:25">
    <properties>
    </properties>
    <testcase classname="renders correctly" name="renders correctly" time="0">
    </testcase>
    <testcase classname="calls submit on button press with mentor selected" name="calls submit on button press with mentor selected" time="0">
    </testcase>
    <testcase classname="calls submit on button press with mentee selected" name="calls submit on button press with mentee selected" time="0">
    </testcase>
    <testcase classname="calls submit on button press with mentor and mentee selected" name="calls submit on button press with mentor and mentee selected" time="0">
    </testcase>
    <testcase classname="calls updateMentorRole on button press" name="calls updateMentorRole on button press" time="0">
    </testcase>
    <testcase classname="calls updateMenteeRole on button press" name="calls updateMenteeRole on button press" time="0">
    </testcase>
    <system-out/>
    <system-err/>
  </testsuite>
  <testsuite id="3" name="/Users/sc-ktucker-osx/Desktop/ReactNative/mentor/MatchAndMentor/__tests__/src/components/simple/Summary.js" errors="0" package="/Users/sc-ktucker-osx/Desktop/ReactNative/mentor/MatchAndMentor/__tests__/src/components/simple/Summary.js" hostname="localhost" tests="6" failures="0" time="0.207" timestamp="2017-10-30T01:48:26">
    <properties>
    </properties>
    <testcase classname="renders correctly and is a mentor" name="renders correctly and is a mentor" time="0">
    </testcase>
    <testcase classname="renders correctly and is a mentee" name="renders correctly and is a mentee" time="0">
    </testcase>
    <testcase classname="calls submit on button press with mentor" name="calls submit on button press with mentor" time="0">
    </testcase>
    <testcase classname="calls submit on button press with mentee" name="calls submit on button press with mentee" time="0">
    </testcase>
    <testcase classname="calls onChangeText with mentor" name="calls onChangeText with mentor" time="0">
    </testcase>
    <testcase classname="calls onChangeText with mentee" name="calls onChangeText with mentee" time="0">
    </testcase>
    <system-out/>
    <system-err/>
  </testsuite>
  <testsuite id="4" name="/Users/sc-ktucker-osx/Desktop/ReactNative/mentor/MatchAndMentor/__tests__/src/components/simple/SignUpName.js" errors="0" package="/Users/sc-ktucker-osx/Desktop/ReactNative/mentor/MatchAndMentor/__tests__/src/components/simple/SignUpName.js" hostname="localhost" tests="3" failures="0" time="0.17" timestamp="2017-10-30T01:48:26">
    <properties>
    </properties>
    <testcase classname="renders correctly" name="renders correctly" time="0">
    </testcase>
    <testcase classname="calls submit on button press" name="calls submit on button press" time="0">
    </testcase>
    <testcase classname="calls dispatch on change text" name="calls dispatch on change text" time="0">
    </testcase>
    <system-out/>
    <system-err/>
  </testsuite>
  <testsuite id="5" name="/Users/sc-ktucker-osx/Desktop/ReactNative/mentor/MatchAndMentor/__tests__/src/components/simple/Button.js" errors="0" package="/Users/sc-ktucker-osx/Desktop/ReactNative/mentor/MatchAndMentor/__tests__/src/components/simple/Button.js" hostname="localhost" tests="1" failures="0" time="0.109" timestamp="2017-10-30T01:48:26">
    <properties>
    </properties>
    <testcase classname="renders correctly" name="renders correctly" time="0">
    </testcase>
    <system-out/>
    <system-err/>
  </testsuite>
  <testsuite id="6" name="/Users/sc-ktucker-osx/Desktop/ReactNative/mentor/MatchAndMentor/__tests__/src/components/simple/ScreenHeader.js" errors="0" package="/Users/sc-ktucker-osx/Desktop/ReactNative/mentor/MatchAndMentor/__tests__/src/components/simple/ScreenHeader.js" hostname="localhost" tests="1" failures="0" time="0.087" timestamp="2017-10-30T01:48:26">
    <properties>
    </properties>
    <testcase classname="renders correctly" name="renders correctly" time="0">
    </testcase>
    <system-out/>
    <system-err/>
  </testsuite>
  <testsuite id="7" name="/Users/sc-ktucker-osx/Desktop/ReactNative/mentor/MatchAndMentor/__tests__/src/actions/UserActions.js" errors="0" package="/Users/sc-ktucker-osx/Desktop/ReactNative/mentor/MatchAndMentor/__tests__/src/actions/UserActions.js" hostname="localhost" tests="13" failures="0" time="0.045" timestamp="2017-10-30T01:48:26">
    <properties>
    </properties>
    <testcase classname="updateName action" name="updateName action" time="0">
    </testcase>
    <testcase classname="submitName action" name="submitName action" time="0">
    </testcase>
    <testcase classname="updateMentorRole action" name="updateMentorRole action" time="0">
    </testcase>
    <testcase classname="updateMenteeRole action" name="updateMenteeRole action" time="0">
    </testcase>
    <testcase classname="submitRoles action" name="submitRoles action" time="0">
    </testcase>
    <testcase classname="updateMentorSummary action" name="updateMentorSummary action" time="0">
    </testcase>
    <testcase classname="submitMentorSummary action and show mentee summary screen" name="submitMentorSummary action and show mentee summary screen" time="0">
    </testcase>
    <testcase classname="submitMentorSummary action and show photo screen" name="submitMentorSummary action and show photo screen" time="0">
    </testcase>
    <testcase classname="updateMenteeSummary action" name="updateMenteeSummary action" time="0">
    </testcase>
    <testcase classname="submitMenteeSummary action for both mentor and mentee" name="submitMenteeSummary action for both mentor and mentee" time="0">
    </testcase>
    <testcase classname="submitMenteeSummary action for mentor only" name="submitMenteeSummary action for mentor only" time="0">
    </testcase>
    <testcase classname="updateBirthday action" name="updateBirthday action" time="0">
    </testcase>
    <testcase classname="submitBirthday action for mentor only" name="submitBirthday action for mentor only" time="0">
    </testcase>
    <system-out/>
    <system-err/>
  </testsuite>
  <testsuite id="8" name="/Users/sc-ktucker-osx/Desktop/ReactNative/mentor/MatchAndMentor/__tests__/src/reducers/UserReducer.js" errors="0" package="/Users/sc-ktucker-osx/Desktop/ReactNative/mentor/MatchAndMentor/__tests__/src/reducers/UserReducer.js" hostname="localhost" tests="9" failures="0" time="0.047" timestamp="2017-10-30T01:48:26">
    <properties>
    </properties>
    <testcase classname="user reducer should return intial state" name="user reducer should return intial state" time="0">
    </testcase>
    <testcase classname="user reducer should handle UPDATE_NAME" name="user reducer should handle UPDATE_NAME" time="0">
    </testcase>
    <testcase classname="user reducer should handle UPDATE_MENTOR_ROLE" name="user reducer should handle UPDATE_MENTOR_ROLE" time="0">
    </testcase>
    <testcase classname="user reducer should handle UPDATE_MENTEE_ROLE" name="user reducer should handle UPDATE_MENTEE_ROLE" time="0">
    </testcase>
    <testcase classname="user reducer should handle UPDATE_MENTOR_SUMMARY" name="user reducer should handle UPDATE_MENTOR_SUMMARY" time="0">
    </testcase>
    <testcase classname="user reducer should handle UPDATE_MENTEE_SUMMARY" name="user reducer should handle UPDATE_MENTEE_SUMMARY" time="0">
    </testcase>
    <testcase classname="user reducer should handle SUBMIT_MENTOR_SUMMARY" name="user reducer should handle SUBMIT_MENTOR_SUMMARY" time="0">
    </testcase>
    <testcase classname="user reducer should handle SUBMIT_MENTEE_SUMMARY" name="user reducer should handle SUBMIT_MENTEE_SUMMARY" time="0">
    </testcase>
    <testcase classname="user reducer should handle UPDATE_BIRTHDAY" name="user reducer should handle UPDATE_BIRTHDAY" time="0">
    </testcase>
    <system-out/>
    <system-err/>
  </testsuite>
</testsuites>